<?xml version="1.0" encoding="UTF-8" standalone="no"?>
<testsuite failures="0" name="cucumber.runtime.formatter.JUnitFormatter" skipped="0" tests="1" time="12.090041">
<testcase classname="Verify the Pagantis Simulator for calculating Installment amount" name="Test scenario for Pagantis" time="12.090041">
<system-out><![CDATA[Given user launched the pagantis............................................passed
Then verify the title of page...............................................passed
When user enters 2 months for installment...................................passed
Then verify the installment amount..........................................passed
Then Close the browser......................................................passed
]]></system-out>
</testcase>
</testsuite>
